<?xml version="1.0" encoding="UTF-8"?>
<!-- Generated by org.testng.reporters.JUnitXMLReporter -->
<testsuite ignored="2" hostname="vignesh" failures="0" tests="1" name="2" time="0.062" errors="0" timestamp="2025-06-25T15:36:43 IST">
  <testcase classname="Pack2.Test3" name="LOGOUT" time="0.016"/>
  <testcase classname="Pack2.Test3" name="DemoSLOGIN" time="0.0">
    <ignored/>
  </testcase> <!-- DemoSLOGIN -->
  <testcase classname="Pack2.Test3" name="DemoSLOGOUT" time="0.0">
    <ignored/>
  </testcase> <!-- DemoSLOGOUT -->
</testsuite> <!-- 2 -->
