<?xml version="1.0" encoding="UTF-8"?>
<!-- Generated by org.testng.reporters.JUnitXMLReporter -->
<testsuite ignored="0" hostname="vignesh" failures="0" tests="6" name="2" time="0.093" errors="0" timestamp="2025-06-27T15:07:19 IST">
  <testcase classname="Pack2.Test3" name="DemoSLOGIN" time="0.014"/>
  <testcase classname="Pack2.Test3" name="DemoSLOGIN" time="0.002"/>
  <testcase classname="Pack2.Test3" name="DemoSLOGIN" time="0.003"/>
  <testcase classname="Pack2.Test3" name="DemoSLOGOUT" time="0.003"/>
  <testcase classname="Pack2.Test3" name="HomeLoan" time="0.003"/>
  <testcase classname="Pack2.Test3" name="LOGOUT" time="0.003"/>
</testsuite> <!-- 2 -->
