<?xml version="1.0" encoding="UTF-8"?>
<!-- Generated by org.testng.reporters.JUnitXMLReporter -->
<testsuite ignored="1" hostname="vignesh" failures="0" tests="2" name="2nd" time="0.02" errors="0" timestamp="2025-06-25T15:18:51 IST">
  <testcase classname="learnTestNG.Test2" name="Demo2" time="0.004"/>
  <testcase classname="learnTestNG.Test2" name="Demo4" time="0.004"/>
  <testcase classname="learnTestNG.Test2" name="Demo3" time="0.0">
    <ignored/>
  </testcase> <!-- Demo3 -->
</testsuite> <!-- 2nd -->
