<?xml version="1.0" encoding="UTF-8"?>
<!-- Generated by org.testng.reporters.JUnitXMLReporter -->
<testsuite ignored="8" hostname="vignesh" failures="0" tests="2" name="Test" time="0.077" errors="0" timestamp="2025-06-27T14:09:28 IST">
  <testcase classname="Pack2.Test3" name="DemoSLOGOUT" time="0.017"/>
  <testcase classname="Pack2.Test5" name="Colour2" time="0.002"/>
  <testcase classname="Pack2.Test4" name="Ze" time="0.0">
    <ignored/>
  </testcase> <!-- Ze -->
  <testcase classname="Pack2.Test4" name="before2" time="0.0">
    <ignored/>
  </testcase> <!-- before2 -->
  <testcase classname="Pack2.Test4" name="DemoS" time="0.0">
    <ignored/>
  </testcase> <!-- DemoS -->
  <testcase classname="Pack2.Test3" name="LOGOUT" time="0.0">
    <ignored/>
  </testcase> <!-- LOGOUT -->
  <testcase classname="Pack2.Test3" name="HomeLoan" time="0.0">
    <ignored/>
  </testcase> <!-- HomeLoan -->
  <testcase classname="Pack2.Test3" name="DemoSLOGIN" time="0.0">
    <ignored/>
  </testcase> <!-- DemoSLOGIN -->
  <testcase classname="Pack2.Test4" name="Xe" time="0.0">
    <ignored/>
  </testcase> <!-- Xe -->
  <testcase classname="Pack2.Test4" name="CarLoan" time="0.0">
    <ignored/>
  </testcase> <!-- CarLoan -->
</testsuite> <!-- Test -->
