<?xml version="1.0" encoding="UTF-8"?>
<testng-results ignored="2" total="3" passed="1" failed="0" skipped="0">
  <reporter-output>
  </reporter-output>
  <suite started-at="2025-06-25T15:36:43 IST" name="Suite" finished-at="2025-06-25T15:36:43 IST" duration-ms="62">
    <groups>
    </groups>
    <test started-at="2025-06-25T15:36:43 IST" name="2" finished-at="2025-06-25T15:36:43 IST" duration-ms="62">
      <class name="Pack2.Test3">
        <test-method signature="LOGOUT()[pri:0, instance:Pack2.Test3@76908cc0]" started-at="2025-06-25T15:36:43 IST" name="LOGOUT" finished-at="2025-06-25T15:36:43 IST" duration-ms="16" status="PASS">
          <reporter-output>
          </reporter-output>
        </test-method> <!-- LOGOUT -->
      </class> <!-- Pack2.Test3 -->
    </test> <!-- 2 -->
  </suite> <!-- Suite -->
</testng-results>
