<?xml version="1.0" encoding="UTF-8"?>
<testng-results ignored="0" total="2" passed="1" failed="1" skipped="0">
  <reporter-output>
  </reporter-output>
  <suite started-at="2025-06-27T23:43:32 IST" name="Default suite" finished-at="2025-06-27T23:43:32 IST" duration-ms="137">
    <groups>
    </groups>
    <test started-at="2025-06-27T23:43:32 IST" name="Default test" finished-at="2025-06-27T23:43:32 IST" duration-ms="137">
      <class name="Inheritance.MobSecond">
        <test-method is-config="true" signature="Login1()[pri:0, instance:Inheritance.MobSecond@5e82df6a]" started-at="2025-06-27T23:43:32 IST" name="Login1" finished-at="2025-06-27T23:43:32 IST" duration-ms="18" status="PASS">
          <reporter-output>
          </reporter-output>
        </test-method> <!-- Login1 -->
        <test-method signature="getMsg()[pri:0, instance:Inheritance.MobSecond@5e82df6a]" started-at="2025-06-27T23:43:32 IST" name="getMsg" finished-at="2025-06-27T23:43:32 IST" duration-ms="15" status="PASS">
          <reporter-output>
          </reporter-output>
        </test-method> <!-- getMsg -->
        <test-method signature="construct()[pri:0, instance:Inheritance.MobSecond@5e82df6a]" started-at="2025-06-27T23:43:32 IST" name="construct" finished-at="2025-06-27T23:43:32 IST" depends-on-methods="Inheritance.MobSecond.getMsg" duration-ms="11" status="FAIL">
          <exception class="java.lang.Error">
            <message>
              <![CDATA[Unresolved compilation problem: 
The constructor Multiply(int) is undefined
]]>
            </message>
            <full-stacktrace>
              <![CDATA[java.lang.Error: Unresolved compilation problem: 
The constructor Multiply(int) is undefined

at Inheritance.Constructors.<init>(Constructors.java:9)
at Inheritance.MobSecond.construct(MobSecond.java:16)
at java.base/jdk.internal.reflect.DirectMethodHandleAccessor.invoke(DirectMethodHandleAccessor.java:103)
at java.base/java.lang.reflect.Method.invoke(Method.java:580)
at org.testng.internal.MethodInvocationHelper.invokeMethod(MethodInvocationHelper.java:133)
at org.testng.internal.TestInvoker.invokeMethod(TestInvoker.java:598)
at org.testng.internal.TestInvoker.invokeTestMethod(TestInvoker.java:173)
at org.testng.internal.MethodRunner.runInSequence(MethodRunner.java:46)
at org.testng.internal.TestInvoker$MethodInvocationAgent.invoke(TestInvoker.java:824)
at org.testng.internal.TestInvoker.invokeTestMethods(TestInvoker.java:146)
at org.testng.internal.TestMethodWorker.invokeTestMethods(TestMethodWorker.java:146)
at org.testng.internal.TestMethodWorker.run(TestMethodWorker.java:128)
at java.base/java.util.ArrayList.forEach(ArrayList.java:1596)
at org.testng.TestRunner.privateRun(TestRunner.java:794)
at org.testng.TestRunner.run(TestRunner.java:596)
at org.testng.SuiteRunner.runTest(SuiteRunner.java:377)
at org.testng.SuiteRunner.runSequentially(SuiteRunner.java:371)
at org.testng.SuiteRunner.privateRun(SuiteRunner.java:332)
at org.testng.SuiteRunner.run(SuiteRunner.java:276)
at org.testng.SuiteRunnerWorker.runSuite(SuiteRunnerWorker.java:53)
at org.testng.SuiteRunnerWorker.run(SuiteRunnerWorker.java:96)
at org.testng.TestNG.runSuitesSequentially(TestNG.java:1212)
at org.testng.TestNG.runSuitesLocally(TestNG.java:1134)
at org.testng.TestNG.runSuites(TestNG.java:1063)
at org.testng.TestNG.run(TestNG.java:1031)
at org.testng.remote.AbstractRemoteTestNG.run(AbstractRemoteTestNG.java:115)
at org.testng.remote.RemoteTestNG.initAndRun(RemoteTestNG.java:293)
at org.testng.remote.RemoteTestNG.main(RemoteTestNG.java:91)
]]>
            </full-stacktrace>
          </exception> <!-- java.lang.Error -->
          <reporter-output>
          </reporter-output>
        </test-method> <!-- construct -->
        <test-method is-config="true" signature="Logout()[pri:0, instance:Inheritance.MobSecond@5e82df6a]" started-at="2025-06-27T23:43:32 IST" name="Logout" finished-at="2025-06-27T23:43:32 IST" duration-ms="1" status="PASS">
          <reporter-output>
          </reporter-output>
        </test-method> <!-- Logout -->
      </class> <!-- Inheritance.MobSecond -->
    </test> <!-- Default test -->
  </suite> <!-- Default suite -->
</testng-results>
