<?xml version="1.0" encoding="UTF-8"?>
<!-- Generated by org.testng.reporters.JUnitXMLReporter -->
<testsuite ignored="2" hostname="vignesh" failures="0" tests="0" time="0.015" errors="0" timestamp="2025-07-18T14:40:29 IST">
  <testcase classname="SeleniumMaven.FirstMaven.ErrorValidation" name="ProductCartErrorValidation" time="0.0">
    <ignored/>
  </testcase> <!-- ProductCartErrorValidation -->
  <testcase classname="SeleniumMaven.FirstMaven.ErrorValidation" name="LoginPageErrorValidation" time="0.0">
    <ignored/>
  </testcase> <!-- LoginPageErrorValidation -->
</testsuite>
