<?xml version="1.0" encoding="UTF-8"?>
<!-- Generated by org.testng.reporters.JUnitXMLReporter -->
<testsuite ignored="0" hostname="vignesh" failures="1" tests="2" name="ErrorValidation" time="12.979" errors="0" timestamp="2025-07-23T14:39:13 IST">
  <testcase classname="BooksScrape.Test.ErrorValidation" name="PageHeaderValidation" time="1.391">
    <skipped/>
  </testcase> <!-- PageHeaderValidation -->
  <testcase classname="BooksScrape.Test.ErrorValidation" name="PageHeaderValidation" time="1.315">
    <failure type="java.lang.AssertionError" message="Page Header is science, explicitly failing this Test. expected [false] but found [true]">
      <![CDATA[java.lang.AssertionError: Page Header is science, explicitly failing this Test. expected [false] but found [true]
at BooksScrape.Test.ErrorValidation.PageHeaderValidation(ErrorValidation.java:20)
at java.base/java.util.ArrayList.forEach(ArrayList.java:1596)
... Removed 28 stack frames]]>
    </failure>
  </testcase> <!-- PageHeaderValidation -->
</testsuite> <!-- ErrorValidation -->
