<?xml version="1.0" encoding="UTF-8"?>
<!-- Generated by org.testng.reporters.JUnitXMLReporter -->
<testsuite ignored="1" hostname="vignesh" failures="0" tests="2" name="Submit Product Validations" time="12.841" errors="0" timestamp="2025-07-18T14:40:42 IST">
  <testcase classname="SeleniumMaven.FirstMaven.SubmitOrders" name="submitOrder" time="3.343"/>
  <testcase classname="SeleniumMaven.FirstMaven.SubmitOrders" name="submitOrder" time="3.326"/>
  <testcase classname="SeleniumMaven.FirstMaven.SubmitOrders" name="OrderPage" time="0.0">
    <ignored/>
  </testcase> <!-- OrderPage -->
</testsuite> <!-- Submit Product Validations -->
